blog_log2022/07/30 22:36:58 {"callers":["/Users/lgc/code/go/go_tour/blog_service/main.go; 25 main.init.0"],"level":"info","msg":"[bolg_service server starting...]","time":1659191818789043000}
blog_log2022/07/30 22:42:23 {"callers":["/Users/lgc/code/go/go_tour/blog_service/main.go; 25 main.init.0"],"level":"info","msg":"[bolg_service server starting...]","time":1659192143034984000}
blog_log2022/07/30 22:45:41 {"callers":["/Users/lgc/code/go/go_tour/blog_service/main.go; 25 main.init.0"],"level":"info","msg":"[bolg_service server starting...]","time":1659192341482373000}
blog_log2022/07/30 22:51:07 {"callers":["/Users/lgc/code/go/go_tour/blog_service/main.go; 25 main.init.0"],"level":"info","msg":"[bolg_service server starting...]","time":1659192667493953000}
blog_log2022/07/30 22:55:00 {"callers":["/Users/lgc/code/go/go_tour/blog_service/main.go; 24 main.init.0"],"level":"info","msg":"[bolg_service server starting...]","time":1659192900302208000}
blog_log2022/07/30 22:55:00 {"callers":["/Users/lgc/code/go/go_tour/blog_service/main.go; 24 main.init.0"],"level":"info","msg":"[bolg_service server start over...]","time":1659192900302477000}
blog_log2022/07/30 22:57:01 {"callers":["/Users/lgc/code/go/go_tour/blog_service/main.go; 24 main.init.0"],"level":"info","msg":"[bolg_service server starting...]","time":1659193021862928000}
blog_log2022/07/30 22:57:01 {"callers":["/Users/lgc/code/go/go_tour/blog_service/main.go; 24 main.init.0"],"level":"info","msg":"[bolg_service server start over, listened on port 5023...]","time":1659193021863719000}
blog_log2022/07/30 23:01:22 {"callers":["/Users/lgc/code/go/go_tour/blog_service/main.go; 25 main.init.0"],"level":"info","msg":"[bolg_service server starting...]","time":1659193282918795000}
blog_log2022/07/30 23:01:22 {"callers":["/Users/lgc/code/go/go_tour/blog_service/main.go; 25 main.init.0"],"level":"info","msg":"[bolg_service server start over, listened on port 5023...]","time":1659193282919303000}
blog_log2022/07/30 23:01:25 {"callers":["/Users/lgc/code/go/go_tour/blog_service/main.go; 25 main.init.0"],"level":"info","msg":"list...","time":1659193285830611000}
blog_log2022/07/30 23:56:54 {"callers":["/Users/lgc/code/go/go_tour/blog_service/main.go; 25 main.init.0"],"level":"info","msg":"[bolg_service server starting...]","time":1659196614404129000}
blog_log2022/07/30 23:56:54 {"callers":["/Users/lgc/code/go/go_tour/blog_service/main.go; 25 main.init.0"],"level":"info","msg":"[bolg_service server start over, listened on port 5023...]","time":1659196614404524000}
blog_log2022/07/31 00:35:56 {"callers":["/Users/lgc/code/go/go_tour/blog_service/main.go; 25 main.init.0"],"level":"info","msg":"[bolg_service server starting...]","time":1659198956158630000}
blog_log2022/07/31 00:35:56 {"callers":["/Users/lgc/code/go/go_tour/blog_service/main.go; 25 main.init.0"],"level":"info","msg":"[bolg_service server start over, listened on port 5023...]","time":1659198956159258000}
blog_log2022/07/31 00:36:25 {"callers":["/Users/lgc/code/go/go_tour/blog_service/main.go; 25 main.init.0"],"level":"error","msg":"app.BindAndValid errs: State必须是[0 1]中的一个","time":1659198985907894000}
blog_log2022/07/31 00:40:47 {"callers":["/Users/lgc/code/go/go_tour/blog_service/main.go; 25 main.init.0"],"level":"info","msg":"[bolg_service server starting...]","time":1659199247689621000}
blog_log2022/07/31 00:40:47 {"callers":["/Users/lgc/code/go/go_tour/blog_service/main.go; 25 main.init.0"],"level":"info","msg":"[bolg_service server start over, listened on port 5023...]","time":1659199247690157000}
blog_log2022/07/31 00:40:51 {"callers":["/Users/lgc/code/go/go_tour/blog_service/main.go; 25 main.init.0"],"level":"error","msg":"app.BindAndValid errs: State必须是[0 1]中的一个","time":1659199251910663000}
blog_log2022/07/31 00:41:24 {"callers":["/Users/lgc/code/go/go_tour/blog_service/main.go; 25 main.init.0"],"level":"info","msg":"[bolg_service server starting...]","time":1659199284762559000}
blog_log2022/07/31 00:41:24 {"callers":["/Users/lgc/code/go/go_tour/blog_service/main.go; 25 main.init.0"],"level":"info","msg":"[bolg_service server start over, listened on port 5023...]","time":1659199284763046000}
blog_log2022/07/31 00:54:34 {"callers":["/Users/lgc/code/go/go_tour/blog_service/main.go; 25 main.init.0"],"level":"info","msg":"[bolg_service server starting...]","time":1659200074959669000}
blog_log2022/07/31 00:54:34 {"callers":["/Users/lgc/code/go/go_tour/blog_service/main.go; 25 main.init.0"],"level":"info","msg":"[bolg_service server start over, listened on port 5023...]","time":1659200074960237000}
blog_log2022/07/31 00:55:18 {"callers":["/Users/lgc/code/go/go_tour/blog_service/main.go; 25 main.init.0"],"level":"info","msg":"[bolg_service server starting...]","time":1659200118839358000}
blog_log2022/07/31 00:55:18 {"callers":["/Users/lgc/code/go/go_tour/blog_service/main.go; 25 main.init.0"],"level":"info","msg":"[bolg_service server start over, listened on port 5023...]","time":1659200118840095000}
blog_log2022/07/31 00:55:26 {"callers":["/Users/lgc/code/go/go_tour/blog_service/main.go; 25 main.init.0"],"level":"error","msg":"app.BindAndValid errs: State必须是[0 1]中的一个","time":1659200126067432000}
blog_log2022/07/31 00:55:29 {"callers":["/Users/lgc/code/go/go_tour/blog_service/main.go; 25 main.init.0"],"level":"error","msg":"app.BindAndValid errs: State必须是[0 1]中的一个","time":1659200129205465000}
blog_log2022/07/31 00:55:36 {"callers":["/Users/lgc/code/go/go_tour/blog_service/main.go; 25 main.init.0"],"level":"error","msg":"app.BindAndValid errs: State必须是[0 1]中的一个","time":1659200136046553000}
blog_log2022/07/31 01:16:33 {"callers":["/Users/lgc/code/go/go_tour/blog_service/main.go; 25 main.init.0"],"level":"info","msg":"[bolg_service server starting...]","time":1659201393495933000}
blog_log2022/07/31 01:16:33 {"callers":["/Users/lgc/code/go/go_tour/blog_service/main.go; 25 main.init.0"],"level":"info","msg":"[bolg_service server start over, listened on port 5023...]","time":1659201393496390000}
blog_log2022/07/31 01:19:29 {"callers":["/Users/lgc/code/go/go_tour/blog_service/main.go; 25 main.init.0"],"level":"info","msg":"[bolg_service server starting...]","time":1659201569980624000}
blog_log2022/07/31 01:19:29 {"callers":["/Users/lgc/code/go/go_tour/blog_service/main.go; 25 main.init.0"],"level":"info","msg":"[bolg_service server start over, listened on port 5023...]","time":1659201569992308000}
blog_log2022/07/31 01:26:54 {"callers":["/Users/lgc/code/go/go_tour/blog_service/main.go; 25 main.init.0"],"level":"info","msg":"[bolg_service server starting...]","time":1659202014571655000}
blog_log2022/07/31 01:26:54 {"callers":["/Users/lgc/code/go/go_tour/blog_service/main.go; 25 main.init.0"],"level":"info","msg":"[bolg_service server start over, listened on port 5023...]","time":1659202014572385000}
blog_log2022/07/31 01:27:27 {"callers":["/Users/lgc/code/go/go_tour/blog_service/main.go; 25 main.init.0"],"level":"error","msg":"app.BindAndValid errs: State must be one of [0 1]","time":1659202047672367000}
blog_log2022/07/31 01:27:35 {"callers":["/Users/lgc/code/go/go_tour/blog_service/main.go; 25 main.init.0"],"level":"error","msg":"app.BindAndValid errs: State必须是[0 1]中的一个","time":1659202055220463000}
blog_log2022/07/31 01:27:43 {"callers":["/Users/lgc/code/go/go_tour/blog_service/main.go; 25 main.init.0"],"level":"error","msg":"app.BindAndValid errs: State必须是[0 1]中的一个","time":1659202063073570000}
blog_log2022/07/31 01:28:27 {"callers":["/Users/lgc/code/go/go_tour/blog_service/main.go; 25 main.init.0"],"level":"info","msg":"[bolg_service server starting...]","time":1659202107420289000}
blog_log2022/07/31 01:28:27 {"callers":["/Users/lgc/code/go/go_tour/blog_service/main.go; 25 main.init.0"],"level":"info","msg":"[bolg_service server start over, listened on port 5023...]","time":1659202107420853000}
blog_log2022/07/31 01:28:32 {"callers":["/Users/lgc/code/go/go_tour/blog_service/main.go; 25 main.init.0"],"level":"error","msg":"app.BindAndValid errs: Key: 'TagListReq.State' Error:Field validation for 'State' failed on the 'oneof' tag","time":1659202112294746000}
blog_log2022/07/31 01:29:10 {"callers":["/Users/lgc/code/go/go_tour/blog_service/main.go; 25 main.init.0"],"level":"info","msg":"[bolg_service server starting...]","time":1659202150352976000}
blog_log2022/07/31 01:29:10 {"callers":["/Users/lgc/code/go/go_tour/blog_service/main.go; 25 main.init.0"],"level":"info","msg":"[bolg_service server start over, listened on port 5023...]","time":1659202150353312000}
blog_log2022/07/31 01:29:20 {"callers":["/Users/lgc/code/go/go_tour/blog_service/main.go; 25 main.init.0"],"level":"info","msg":"[bolg_service server starting...]","time":1659202160020777000}
blog_log2022/07/31 01:29:20 {"callers":["/Users/lgc/code/go/go_tour/blog_service/main.go; 25 main.init.0"],"level":"info","msg":"[bolg_service server start over, listened on port 5023...]","time":1659202160021116000}
blog_log2022/07/31 01:29:26 {"callers":["/Users/lgc/code/go/go_tour/blog_service/main.go; 25 main.init.0"],"level":"error","msg":"app.BindAndValid errs: Key: 'TagListReq.State' Error:Field validation for 'State' failed on the 'oneof' tag","time":1659202166122649000}
blog_log2022/07/31 01:30:22 {"callers":["/Users/lgc/code/go/go_tour/blog_service/main.go; 25 main.init.0"],"level":"info","msg":"[bolg_service server starting...]","time":1659202222930204000}
blog_log2022/07/31 01:30:22 {"callers":["/Users/lgc/code/go/go_tour/blog_service/main.go; 25 main.init.0"],"level":"info","msg":"[bolg_service server start over, listened on port 5023...]","time":1659202222930750000}
blog_log2022/07/31 01:30:25 {"callers":["/Users/lgc/code/go/go_tour/blog_service/main.go; 25 main.init.0"],"level":"error","msg":"app.BindAndValid errs: State必須是[0 1]中的一個","time":1659202225897998000}
blog_log2022/07/31 01:31:49 {"callers":["/Users/lgc/code/go/go_tour/blog_service/main.go; 25 main.init.0"],"level":"info","msg":"[bolg_service server starting...]","time":1659202309194117000}
blog_log2022/07/31 01:31:49 {"callers":["/Users/lgc/code/go/go_tour/blog_service/main.go; 25 main.init.0"],"level":"info","msg":"[bolg_service server start over, listened on port 5023...]","time":1659202309194708000}
blog_log2022/07/31 01:31:56 {"callers":["/Users/lgc/code/go/go_tour/blog_service/main.go; 25 main.init.0"],"level":"error","msg":"app.BindAndValid errs: Stateは[0 1]のうちのいずれかでなければなりません","time":1659202316355159000}
blog_log2022/07/31 01:33:02 {"callers":["/Users/lgc/code/go/go_tour/blog_service/main.go; 25 main.init.0"],"level":"info","msg":"[bolg_service server starting...]","time":1659202382474433000}
blog_log2022/07/31 01:33:02 {"callers":["/Users/lgc/code/go/go_tour/blog_service/main.go; 25 main.init.0"],"level":"info","msg":"[bolg_service server start over, listened on port 5023...]","time":1659202382474897000}
blog_log2022/07/31 11:30:16 {"callers":["/Users/lgc/code/go/go_tour/blog_service/main.go; 25 main.init.0"],"level":"info","msg":"[bolg_service server starting...]","time":1659238216662210000}
blog_log2022/07/31 11:30:16 {"callers":["/Users/lgc/code/go/go_tour/blog_service/main.go; 25 main.init.0"],"level":"info","msg":"[bolg_service server start over, listened on port 5023...]","time":1659238216664027000}
blog_log2022/07/31 11:30:30 {"callers":["/Users/lgc/code/go/go_tour/blog_service/main.go; 25 main.init.0"],"level":"error","msg":"[svc.GetTagList err: 5v]%!(EXTRA *mysql.MySQLError=Error 1064: You have an error in your SQL syntax; check the manual that corresponds to your MySQL server version for the right syntax to use near '?) AND (is_del=?)' at line 1)","time":1659238230440827000}
blog_log2022/07/31 11:31:46 {"callers":["/Users/lgc/code/go/go_tour/blog_service/main.go; 25 main.init.0"],"level":"info","msg":"[bolg_service server starting...]","time":1659238306615659000}
blog_log2022/07/31 11:31:46 {"callers":["/Users/lgc/code/go/go_tour/blog_service/main.go; 25 main.init.0"],"level":"info","msg":"[bolg_service server start over, listened on port 5023...]","time":1659238306617257000}
blog_log2022/07/31 11:31:51 {"callers":["/Users/lgc/code/go/go_tour/blog_service/main.go; 25 main.init.0"],"level":"error","msg":"[svc.GetTagList err: 5v]%!(EXTRA *mysql.MySQLError=Error 1064: You have an error in your SQL syntax; check the manual that corresponds to your MySQL server version for the right syntax to use near '?) AND (is_del=?)' at line 1)","time":1659238311285030000}
blog_log2022/07/31 11:32:45 {"callers":["/Users/lgc/code/go/go_tour/blog_service/main.go; 25 main.init.0"],"level":"info","msg":"[bolg_service server starting...]","time":1659238365860580000}
blog_log2022/07/31 11:32:45 {"callers":["/Users/lgc/code/go/go_tour/blog_service/main.go; 25 main.init.0"],"level":"info","msg":"[bolg_service server start over, listened on port 5023...]","time":1659238365862318000}
blog_log2022/07/31 11:32:47 {"callers":["/Users/lgc/code/go/go_tour/blog_service/main.go; 25 main.init.0"],"level":"error","msg":"[svc.GetTagList err: 5v]%!(EXTRA *errors.errorString=sql: expected 2 arguments, got 1)","time":1659238367314739000}
blog_log2022/07/31 11:34:44 {"callers":["/Users/lgc/code/go/go_tour/blog_service/main.go; 25 main.init.0"],"level":"info","msg":"[bolg_service server starting...]","time":1659238484343626000}
blog_log2022/07/31 11:34:44 {"callers":["/Users/lgc/code/go/go_tour/blog_service/main.go; 25 main.init.0"],"level":"info","msg":"[bolg_service server start over, listened on port 5023...]","time":1659238484345833000}
blog_log2022/07/31 11:35:09 {"callers":["/Users/lgc/code/go/go_tour/blog_service/main.go; 25 main.init.0"],"level":"info","msg":"[bolg_service server starting...]","time":1659238509992171000}
blog_log2022/07/31 11:35:09 {"callers":["/Users/lgc/code/go/go_tour/blog_service/main.go; 25 main.init.0"],"level":"info","msg":"[bolg_service server start over, listened on port 5023...]","time":1659238509995024000}
blog_log2022/07/31 11:35:41 {"callers":["/Users/lgc/code/go/go_tour/blog_service/main.go; 25 main.init.0"],"level":"info","msg":"[bolg_service server starting...]","time":1659238541975984000}
blog_log2022/07/31 11:35:41 {"callers":["/Users/lgc/code/go/go_tour/blog_service/main.go; 25 main.init.0"],"level":"info","msg":"[bolg_service server start over, listened on port 5023...]","time":1659238541977393000}
blog_log2022/07/31 11:35:55 {"callers":["/Users/lgc/code/go/go_tour/blog_service/main.go; 25 main.init.0"],"level":"info","msg":"[bolg_service server starting...]","time":1659238555841540000}
blog_log2022/07/31 11:35:55 {"callers":["/Users/lgc/code/go/go_tour/blog_service/main.go; 25 main.init.0"],"level":"info","msg":"[bolg_service server start over, listened on port 5023...]","time":1659238555843403000}
blog_log2022/07/31 11:36:35 {"callers":["/Users/lgc/code/go/go_tour/blog_service/main.go; 25 main.init.0"],"level":"info","msg":"[bolg_service server starting...]","time":1659238595954978000}
blog_log2022/07/31 11:36:35 {"callers":["/Users/lgc/code/go/go_tour/blog_service/main.go; 25 main.init.0"],"level":"info","msg":"[bolg_service server start over, listened on port 5023...]","time":1659238595957372000}
blog_log2022/07/31 12:20:42 {"callers":["/Users/lgc/code/go/go_tour/blog_service/main.go; 25 main.init.0"],"level":"info","msg":"[bolg_service server starting...]","time":1659241242279217000}
blog_log2022/07/31 12:20:42 {"callers":["/Users/lgc/code/go/go_tour/blog_service/main.go; 25 main.init.0"],"level":"info","msg":"[bolg_service server start over, listened on port 5023...]","time":1659241242279854000}
blog_log2022/07/31 12:22:24 {"callers":["/Users/lgc/code/go/go_tour/blog_service/main.go; 25 main.init.0"],"level":"error","msg":"app.tag.Create.BindAndValid errs: Name长度必须至少为3个字符","time":1659241344516862000}
blog_log2022/07/31 12:22:34 {"callers":["/Users/lgc/code/go/go_tour/blog_service/main.go; 25 main.init.0"],"level":"error","msg":"app.tag.Create.BindAndValid errs: Name长度必须至少为3个字符","time":1659241354598876000}
blog_log2022/07/31 12:23:44 {"callers":["/Users/lgc/code/go/go_tour/blog_service/main.go; 25 main.init.0"],"level":"info","msg":"[bolg_service server starting...]","time":1659241424479645000}
blog_log2022/07/31 12:23:44 {"callers":["/Users/lgc/code/go/go_tour/blog_service/main.go; 25 main.init.0"],"level":"info","msg":"[bolg_service server start over, listened on port 5023...]","time":1659241424480027000}
blog_log2022/07/31 12:23:48 {"callers":["/Users/lgc/code/go/go_tour/blog_service/main.go; 25 main.init.0"],"level":"error","msg":"app.tag.Create.BindAndValid errs: Name长度必须至少为3个字符","time":1659241428129481000}
blog_log2022/07/31 12:25:03 {"callers":["/Users/lgc/code/go/go_tour/blog_service/main.go; 25 main.init.0"],"level":"info","msg":"[bolg_service server starting...]","time":1659241503255878000}
blog_log2022/07/31 12:25:03 {"callers":["/Users/lgc/code/go/go_tour/blog_service/main.go; 25 main.init.0"],"level":"info","msg":"[bolg_service server start over, listened on port 5023...]","time":1659241503256217000}
blog_log2022/07/31 12:25:21 {"callers":["/Users/lgc/code/go/go_tour/blog_service/main.go; 25 main.init.0"],"level":"error","msg":"app.tag.Create.BindAndValid errs: Name长度必须至少为3个字符","time":1659241521905642000}
blog_log2022/07/31 12:25:49 {"callers":["/Users/lgc/code/go/go_tour/blog_service/main.go; 25 main.init.0"],"level":"info","msg":"[bolg_service server starting...]","time":1659241549574438000}
blog_log2022/07/31 12:25:49 {"callers":["/Users/lgc/code/go/go_tour/blog_service/main.go; 25 main.init.0"],"level":"info","msg":"[bolg_service server start over, listened on port 5023...]","time":1659241549574706000}
blog_log2022/07/31 12:26:02 {"callers":["/Users/lgc/code/go/go_tour/blog_service/main.go; 25 main.init.0"],"level":"error","msg":"app.tag.Create.BindAndValid errs: Name长度必须至少为3个字符","time":1659241562211589000}
blog_log2022/07/31 12:28:04 {"callers":["/Users/lgc/code/go/go_tour/blog_service/main.go; 25 main.init.0"],"level":"info","msg":"[bolg_service server starting...]","time":1659241684916317000}
blog_log2022/07/31 12:28:04 {"callers":["/Users/lgc/code/go/go_tour/blog_service/main.go; 25 main.init.0"],"level":"info","msg":"[bolg_service server start over, listened on port 5023...]","time":1659241684916571000}
blog_log2022/07/31 12:28:17 {"callers":["/Users/lgc/code/go/go_tour/blog_service/main.go; 25 main.init.0"],"level":"error","msg":"app.tag.Create.BindAndValid errs: Name长度必须至少为3个字符","time":1659241697966216000}
blog_log2022/07/31 12:28:27 {"callers":["/Users/lgc/code/go/go_tour/blog_service/main.go; 25 main.init.0"],"level":"error","msg":"app.tag.Create.BindAndValid errs: Name长度必须至少为3个字符","time":1659241707678024000}
blog_log2022/07/31 12:30:05 {"callers":["/Users/lgc/code/go/go_tour/blog_service/main.go; 25 main.init.0"],"level":"info","msg":"[bolg_service server starting...]","time":1659241805161908000}
blog_log2022/07/31 12:30:05 {"callers":["/Users/lgc/code/go/go_tour/blog_service/main.go; 25 main.init.0"],"level":"info","msg":"[bolg_service server start over, listened on port 5023...]","time":1659241805162945000}
blog_log2022/07/31 12:30:09 {"callers":["/Users/lgc/code/go/go_tour/blog_service/main.go; 25 main.init.0"],"level":"error","msg":"app.tag.Create.BindAndValid errs: Name长度必须至少为3个字符","time":1659241809855781000}
blog_log2022/07/31 12:30:22 {"callers":["/Users/lgc/code/go/go_tour/blog_service/main.go; 25 main.init.0"],"level":"info","msg":"[bolg_service server starting...]","time":1659241822563954000}
blog_log2022/07/31 12:30:22 {"callers":["/Users/lgc/code/go/go_tour/blog_service/main.go; 25 main.init.0"],"level":"info","msg":"[bolg_service server start over, listened on port 5023...]","time":1659241822564203000}
blog_log2022/07/31 12:30:26 {"callers":["/Users/lgc/code/go/go_tour/blog_service/main.go; 25 main.init.0"],"level":"error","msg":"app.tag.Create.BindAndValid errs: Name长度必须至少为3个字符","time":1659241826587880000}
blog_log2022/07/31 12:30:41 {"callers":["/Users/lgc/code/go/go_tour/blog_service/main.go; 25 main.init.0"],"level":"error","msg":"svc.tag.Create err: Error 1054: Unknown column 'modified_on' in 'field list'","time":1659241841815178000}
blog_log2022/07/31 12:45:19 {"callers":["/Users/lgc/code/go/go_tour/blog_service/main.go; 25 main.init.0"],"level":"error","msg":"app.tag.Create.BindAndValid errs: Name长度必须至少为3个字符","time":1659242719488760000}
blog_log2022/07/31 12:50:18 {"callers":["/Users/lgc/code/go/go_tour/blog_service/main.go; 25 main.init.0"],"level":"info","msg":"[bolg_service server starting...]","time":1659243018699148000}
blog_log2022/07/31 12:50:18 {"callers":["/Users/lgc/code/go/go_tour/blog_service/main.go; 25 main.init.0"],"level":"info","msg":"[bolg_service server start over, listened on port 5023...]","time":1659243018700641000}
blog_log2022/07/31 12:53:16 {"callers":["/Users/lgc/code/go/go_tour/blog_service/main.go; 25 main.init.0"],"level":"error","msg":"app.tag.Update.BindAndValid errs: ID为必填字段","time":1659243196102629000}
blog_log2022/07/31 12:54:09 {"callers":["/Users/lgc/code/go/go_tour/blog_service/main.go; 25 main.init.0"],"level":"info","msg":"[bolg_service server starting...]","time":1659243249087746000}
blog_log2022/07/31 12:54:09 {"callers":["/Users/lgc/code/go/go_tour/blog_service/main.go; 25 main.init.0"],"level":"info","msg":"[bolg_service server start over, listened on port 5023...]","time":1659243249088107000}
blog_log2022/07/31 12:54:11 {"callers":["/Users/lgc/code/go/go_tour/blog_service/main.go; 25 main.init.0"],"level":"error","msg":"app.tag.Update.BindAndValid errs: ID为必填字段","time":1659243251665538000}
blog_log2022/07/31 12:55:05 {"callers":["/Users/lgc/code/go/go_tour/blog_service/main.go; 25 main.init.0"],"level":"error","msg":"app.tag.Update.BindAndValid errs: ID为必填字段","time":1659243305539370000}
blog_log2022/07/31 12:55:31 {"callers":["/Users/lgc/code/go/go_tour/blog_service/main.go; 25 main.init.0"],"level":"info","msg":"[bolg_service server starting...]","time":1659243331158816000}
blog_log2022/07/31 12:55:31 {"callers":["/Users/lgc/code/go/go_tour/blog_service/main.go; 25 main.init.0"],"level":"info","msg":"[bolg_service server start over, listened on port 5023...]","time":1659243331159112000}
blog_log2022/07/31 12:55:37 {"callers":["/Users/lgc/code/go/go_tour/blog_service/main.go; 25 main.init.0"],"level":"error","msg":"app.tag.Update.BindAndValid errs: ID为必填字段","time":1659243337873538000}
blog_log2022/07/31 12:56:20 {"callers":["/Users/lgc/code/go/go_tour/blog_service/main.go; 25 main.init.0"],"level":"error","msg":"app.tag.Update.BindAndValid errs: ID为必填字段","time":1659243380166440000}
blog_log2022/07/31 12:57:24 {"callers":["/Users/lgc/code/go/go_tour/blog_service/main.go; 25 main.init.0"],"level":"error","msg":"app.tag.Update.BindAndValid errs: ID为必填字段,Name为必填字段","time":1659243444373977000}
blog_log2022/07/31 12:58:03 {"callers":["/Users/lgc/code/go/go_tour/blog_service/main.go; 25 main.init.0"],"level":"info","msg":"[bolg_service server starting...]","time":1659243483150823000}
blog_log2022/07/31 12:58:03 {"callers":["/Users/lgc/code/go/go_tour/blog_service/main.go; 25 main.init.0"],"level":"info","msg":"[bolg_service server start over, listened on port 5023...]","time":1659243483151128000}
blog_log2022/07/31 13:10:00 {"callers":["/Users/lgc/code/go/go_tour/blog_service/main.go; 25 main.init.0"],"level":"info","msg":"[bolg_service server starting...]","time":1659244200522512000}
blog_log2022/07/31 13:10:00 {"callers":["/Users/lgc/code/go/go_tour/blog_service/main.go; 25 main.init.0"],"level":"info","msg":"[bolg_service server start over, listened on port 5023...]","time":1659244200523657000}
blog_log2022/07/31 13:12:25 {"callers":["/Users/lgc/code/go/go_tour/blog_service/main.go; 25 main.init.0"],"level":"info","msg":"[bolg_service server starting...]","time":1659244345567443000}
blog_log2022/07/31 13:12:25 {"callers":["/Users/lgc/code/go/go_tour/blog_service/main.go; 25 main.init.0"],"level":"info","msg":"[bolg_service server start over, listened on port 5023...]","time":1659244345567885000}
blog_log2022/07/31 13:17:06 {"callers":["/Users/lgc/code/go/go_tour/blog_service/main.go; 25 main.init.0"],"level":"info","msg":"[bolg_service server starting...]","time":1659244626606438000}
blog_log2022/07/31 13:17:06 {"callers":["/Users/lgc/code/go/go_tour/blog_service/main.go; 25 main.init.0"],"level":"info","msg":"[bolg_service server start over, listened on port 5023...]","time":1659244626606729000}
blog_log2022/07/31 13:21:18 {"callers":["/Users/lgc/code/go/go_tour/blog_service/main.go; 25 main.init.0"],"level":"info","msg":"[bolg_service server starting...]","time":1659244878758049000}
blog_log2022/07/31 13:21:18 {"callers":["/Users/lgc/code/go/go_tour/blog_service/main.go; 25 main.init.0"],"level":"info","msg":"[bolg_service server start over, listened on port 5023...]","time":1659244878758347000}
blog_log2022/07/31 13:26:00 {"callers":["/Users/lgc/code/go/go_tour/blog_service/main.go; 25 main.init.0"],"level":"info","msg":"[bolg_service server starting...]","time":1659245160661008000}
blog_log2022/07/31 13:26:00 {"callers":["/Users/lgc/code/go/go_tour/blog_service/main.go; 25 main.init.0"],"level":"info","msg":"[bolg_service server start over, listened on port 5023...]","time":1659245160662105000}
blog_log2022/07/31 13:26:14 {"callers":["/Users/lgc/code/go/go_tour/blog_service/main.go; 25 main.init.0"],"level":"error","msg":"app.tag.Update.BindAndValid errs: ID为必填字段","time":1659245174349123000}
blog_log2022/07/31 13:26:37 {"callers":["/Users/lgc/code/go/go_tour/blog_service/main.go; 25 main.init.0"],"level":"info","msg":"[bolg_service server starting...]","time":1659245197089141000}
blog_log2022/07/31 13:26:37 {"callers":["/Users/lgc/code/go/go_tour/blog_service/main.go; 25 main.init.0"],"level":"info","msg":"[bolg_service server start over, listened on port 5023...]","time":1659245197089421000}
blog_log2022/07/31 13:26:40 {"callers":["/Users/lgc/code/go/go_tour/blog_service/main.go; 25 main.init.0"],"level":"error","msg":"app.tag.Update.BindAndValid errs: ID为必填字段","time":1659245200616028000}
blog_log2022/07/31 13:28:28 {"callers":["/Users/lgc/code/go/go_tour/blog_service/main.go; 25 main.init.0"],"level":"info","msg":"[bolg_service server starting...]","time":1659245308587265000}
blog_log2022/07/31 13:28:28 {"callers":["/Users/lgc/code/go/go_tour/blog_service/main.go; 25 main.init.0"],"level":"info","msg":"[bolg_service server start over, listened on port 5023...]","time":1659245308587636000}
blog_log2022/07/31 13:31:29 {"callers":["/Users/lgc/code/go/go_tour/blog_service/main.go; 25 main.init.0"],"level":"info","msg":"[bolg_service server starting...]","time":1659245489376732000}
blog_log2022/07/31 13:31:29 {"callers":["/Users/lgc/code/go/go_tour/blog_service/main.go; 25 main.init.0"],"level":"info","msg":"[bolg_service server start over, listened on port 5023...]","time":1659245489377771000}
blog_log2022/07/31 13:36:30 {"callers":["/Users/lgc/code/go/go_tour/blog_service/main.go; 25 main.init.0"],"level":"info","msg":"[bolg_service server starting...]","time":1659245790460206000}
blog_log2022/07/31 13:36:30 {"callers":["/Users/lgc/code/go/go_tour/blog_service/main.go; 25 main.init.0"],"level":"info","msg":"[bolg_service server start over, listened on port 5023...]","time":1659245790461473000}
blog_log2022/07/31 13:41:45 {"callers":["/Users/lgc/code/go/go_tour/blog_service/main.go; 25 main.init.0"],"level":"info","msg":"[bolg_service server starting...]","time":1659246105858767000}
blog_log2022/07/31 13:41:45 {"callers":["/Users/lgc/code/go/go_tour/blog_service/main.go; 25 main.init.0"],"level":"info","msg":"[bolg_service server start over, listened on port 5023...]","time":1659246105859785000}
blog_log2022/07/31 13:52:00 {"callers":["/Users/lgc/code/go/go_tour/blog_service/main.go; 25 main.init.0"],"level":"info","msg":"[bolg_service server starting...]","time":1659246720599692000}
blog_log2022/07/31 13:52:00 {"callers":["/Users/lgc/code/go/go_tour/blog_service/main.go; 25 main.init.0"],"level":"info","msg":"[bolg_service server start over, listened on port 5023...]","time":1659246720601452000}
blog_log2022/07/31 19:12:43 {"callers":["/Users/lgc/code/go/go_tour/blog_service/main.go; 25 main.init.0"],"level":"info","msg":"[bolg_service server starting...]","time":1659265963866023000}
blog_log2022/07/31 19:12:43 {"callers":["/Users/lgc/code/go/go_tour/blog_service/main.go; 25 main.init.0"],"level":"info","msg":"[bolg_service server start over, listened on port 5023...]","time":1659265963868197000}
blog_log2022/07/31 19:13:15 {"callers":["/Users/lgc/code/go/go_tour/blog_service/main.go; 25 main.init.0"],"level":"error","msg":"[app.article.Get.BindValid err ID为必填字段]","time":1659265995402097000}
blog_log2022/07/31 19:13:18 {"callers":["/Users/lgc/code/go/go_tour/blog_service/main.go; 25 main.init.0"],"level":"error","msg":"[app.article.Get.BindValid err ID为必填字段]","time":1659265998200447000}
blog_log2022/07/31 19:14:21 {"callers":["/Users/lgc/code/go/go_tour/blog_service/main.go; 25 main.init.0"],"level":"info","msg":"[bolg_service server starting...]","time":1659266061386259000}
blog_log2022/07/31 19:14:21 {"callers":["/Users/lgc/code/go/go_tour/blog_service/main.go; 25 main.init.0"],"level":"info","msg":"[bolg_service server start over, listened on port 5023...]","time":1659266061388518000}
blog_log2022/07/31 19:14:24 {"callers":["/Users/lgc/code/go/go_tour/blog_service/main.go; 25 main.init.0"],"level":"error","msg":"[app.article.Get.BindValid err ID为必填字段]","time":1659266064544835000}
blog_log2022/07/31 19:23:49 {"callers":["/Users/lgc/code/go/go_tour/blog_service/main.go; 25 main.init.0"],"level":"info","msg":"[bolg_service server starting...]","time":1659266629451388000}
blog_log2022/07/31 19:23:49 {"callers":["/Users/lgc/code/go/go_tour/blog_service/main.go; 25 main.init.0"],"level":"info","msg":"[bolg_service server start over, listened on port 5023...]","time":1659266629453020000}
blog_log2022/07/31 19:23:53 {"callers":["/Users/lgc/code/go/go_tour/blog_service/main.go; 25 main.init.0"],"level":"error","msg":"[app.article.Get.BindValid err ID为必填字段]","time":1659266633872585000}
blog_log2022/07/31 19:25:48 {"callers":["/Users/lgc/code/go/go_tour/blog_service/main.go; 25 main.init.0"],"level":"error","msg":"[app.article.Get.BindValid err ID为必填字段]","time":1659266748091707000}
blog_log2022/07/31 19:26:30 {"callers":["/Users/lgc/code/go/go_tour/blog_service/main.go; 25 main.init.0"],"level":"error","msg":"[app.article.Get.BindValid err IDは必須フィールドです]","time":1659266790429962000}
blog_log2022/07/31 19:27:35 {"callers":["/Users/lgc/code/go/go_tour/blog_service/main.go; 25 main.init.0"],"level":"info","msg":"[bolg_service server starting...]","time":1659266855476703000}
blog_log2022/07/31 19:27:35 {"callers":["/Users/lgc/code/go/go_tour/blog_service/main.go; 25 main.init.0"],"level":"info","msg":"[bolg_service server start over, listened on port 5023...]","time":1659266855478117000}
blog_log2022/07/31 19:27:44 {"callers":["/Users/lgc/code/go/go_tour/blog_service/main.go; 25 main.init.0"],"level":"error","msg":"[app.article.Get.BindValid err IDは必須フィールドです]","time":1659266864045685000}
blog_log2022/07/31 19:29:26 {"callers":["/Users/lgc/code/go/go_tour/blog_service/main.go; 25 main.init.0"],"level":"info","msg":"[bolg_service server starting...]","time":1659266966580068000}
blog_log2022/07/31 19:29:26 {"callers":["/Users/lgc/code/go/go_tour/blog_service/main.go; 25 main.init.0"],"level":"info","msg":"[bolg_service server start over, listened on port 5023...]","time":1659266966582735000}
blog_log2022/07/31 19:30:03 {"callers":["/Users/lgc/code/go/go_tour/blog_service/main.go; 25 main.init.0"],"level":"info","msg":"[bolg_service server starting...]","time":1659267003430371000}
blog_log2022/07/31 19:30:03 {"callers":["/Users/lgc/code/go/go_tour/blog_service/main.go; 25 main.init.0"],"level":"info","msg":"[bolg_service server start over, listened on port 5023...]","time":1659267003430658000}
blog_log2022/07/31 19:34:22 {"callers":["/Users/lgc/code/go/go_tour/blog_service/main.go; 25 main.init.0"],"level":"info","msg":"[bolg_service server starting...]","time":1659267262624165000}
blog_log2022/07/31 19:34:22 {"callers":["/Users/lgc/code/go/go_tour/blog_service/main.go; 25 main.init.0"],"level":"info","msg":"[bolg_service server start over, listened on port 5023...]","time":1659267262627268000}
blog_log2022/07/31 19:41:13 {"callers":["/Users/lgc/code/go/go_tour/blog_service/main.go; 25 main.init.0"],"level":"info","msg":"[bolg_service server starting...]","time":1659267673857994000}
blog_log2022/07/31 19:41:13 {"callers":["/Users/lgc/code/go/go_tour/blog_service/main.go; 25 main.init.0"],"level":"info","msg":"[bolg_service server start over, listened on port 5023...]","time":1659267673858982000}
blog_log2022/07/31 19:41:21 {"callers":["/Users/lgc/code/go/go_tour/blog_service/main.go; 25 main.init.0"],"level":"error","msg":"[article.List err: TagIDは1より大きくなければなりません]","time":1659267681311361000}
blog_log2022/07/31 19:41:39 {"callers":["/Users/lgc/code/go/go_tour/blog_service/main.go; 25 main.init.0"],"level":"error","msg":"[article.List err: TagIDは1より大きくなければなりません]","time":1659267699253743000}
blog_log2022/07/31 19:42:24 {"callers":["/Users/lgc/code/go/go_tour/blog_service/main.go; 25 main.init.0"],"level":"info","msg":"[bolg_service server starting...]","time":1659267744922698000}
blog_log2022/07/31 19:42:24 {"callers":["/Users/lgc/code/go/go_tour/blog_service/main.go; 25 main.init.0"],"level":"info","msg":"[bolg_service server start over, listened on port 5023...]","time":1659267744957769000}
blog_log2022/07/31 19:42:38 {"callers":["/Users/lgc/code/go/go_tour/blog_service/main.go; 25 main.init.0"],"level":"error","msg":"[article.List err: TagID必须大于或等于1]","time":1659267758283338000}
blog_log2022/07/31 19:45:01 {"callers":["/Users/lgc/code/go/go_tour/blog_service/main.go; 25 main.init.0"],"level":"info","msg":"[bolg_service server starting...]","time":1659267901134109000}
blog_log2022/07/31 19:45:01 {"callers":["/Users/lgc/code/go/go_tour/blog_service/main.go; 25 main.init.0"],"level":"info","msg":"[bolg_service server start over, listened on port 5023...]","time":1659267901135134000}
blog_log2022/07/31 19:45:55 {"callers":["/Users/lgc/code/go/go_tour/blog_service/main.go; 25 main.init.0"],"level":"info","msg":"[bolg_service server starting...]","time":1659267955757863000}
blog_log2022/07/31 19:45:55 {"callers":["/Users/lgc/code/go/go_tour/blog_service/main.go; 25 main.init.0"],"level":"info","msg":"[bolg_service server start over, listened on port 5023...]","time":1659267955758169000}
blog_log2022/07/31 19:48:00 {"callers":["/Users/lgc/code/go/go_tour/blog_service/main.go; 25 main.init.0"],"level":"error","msg":"[article.List err: ]","time":1659268080275044000}
blog_log2022/07/31 19:49:11 {"callers":["/Users/lgc/code/go/go_tour/blog_service/main.go; 25 main.init.0"],"level":"info","msg":"[bolg_service server starting...]","time":1659268151820323000}
blog_log2022/07/31 19:50:05 {"callers":["/Users/lgc/code/go/go_tour/blog_service/main.go; 25 main.init.0"],"level":"info","msg":"[bolg_service server starting...]","time":1659268205707538000}
blog_log2022/07/31 19:50:05 {"callers":["/Users/lgc/code/go/go_tour/blog_service/main.go; 25 main.init.0"],"level":"info","msg":"[bolg_service server start over, listened on port 5023...]","time":1659268205709236000}
blog_log2022/07/31 19:52:27 {"callers":["/Users/lgc/code/go/go_tour/blog_service/main.go; 25 main.init.0"],"level":"error","msg":"[article.List err: TagID必须大于或等于1]","time":1659268347745758000}
blog_log2022/07/31 19:52:50 {"callers":["/Users/lgc/code/go/go_tour/blog_service/main.go; 25 main.init.0"],"level":"error","msg":"[article.List err: TagID必须大于或等于1]","time":1659268370305410000}
blog_log2022/07/31 19:52:56 {"callers":["/Users/lgc/code/go/go_tour/blog_service/main.go; 25 main.init.0"],"level":"error","msg":"[article.List err: TagID必须大于或等于1]","time":1659268376165898000}
blog_log2022/07/31 19:53:12 {"callers":["/Users/lgc/code/go/go_tour/blog_service/main.go; 25 main.init.0"],"level":"error","msg":"[article.List err: TagID必须大于或等于1]","time":1659268392865641000}
blog_log2022/08/09 20:39:05 {"callers":["/Users/lgc/code/go/go_tour/blog_service/main.go; 25 main.init.0"],"level":"info","msg":"[bolg_service server starting...]","time":1660048745328769000}
blog_log2022/08/09 20:39:05 {"callers":["/Users/lgc/code/go/go_tour/blog_service/main.go; 25 main.init.0"],"level":"info","msg":"[bolg_service server start over, listened on port 5023...]","time":1660048745350358000}
blog_log2022/08/09 20:43:24 {"callers":["/Users/lgc/code/go/go_tour/blog_service/main.go; 25 main.init.0"],"level":"error","msg":"[article.List.BindValid err: TagID必须大于或等于1]","time":1660049004596795000}
blog_log2022/08/09 20:43:36 {"callers":["/Users/lgc/code/go/go_tour/blog_service/main.go; 25 main.init.0"],"level":"error","msg":"[article.List.BindValid err: TagID必须大于或等于1]","time":1660049016925057000}
blog_log2022/08/09 20:45:49 {"callers":["/Users/lgc/code/go/go_tour/blog_service/main.go; 25 main.init.0"],"level":"error","msg":"[article.Delete.BindValid err: ID为必填字段]","time":1660049149413742000}
blog_log2022/08/09 20:47:29 {"callers":["/Users/lgc/code/go/go_tour/blog_service/main.go; 25 main.init.0"],"level":"info","msg":"[bolg_service server starting...]","time":1660049249824651000}
blog_log2022/08/09 20:47:29 {"callers":["/Users/lgc/code/go/go_tour/blog_service/main.go; 25 main.init.0"],"level":"info","msg":"[bolg_service server start over, listened on port 5023...]","time":1660049249831088000}
blog_log2022/08/09 20:48:16 {"callers":["/Users/lgc/code/go/go_tour/blog_service/main.go; 25 main.init.0"],"level":"error","msg":"[article.List.BindValid err: TagID必须大于或等于1]","time":1660049296270927000}
blog_log2022/08/09 20:48:23 {"callers":["/Users/lgc/code/go/go_tour/blog_service/main.go; 25 main.init.0"],"level":"error","msg":"[article.List.BindValid err: TagID必须大于或等于1]","time":1660049303017698000}
blog_log2022/08/09 20:48:57 {"callers":["/Users/lgc/code/go/go_tour/blog_service/main.go; 25 main.init.0"],"level":"error","msg":"[article.List.BindValid err: TagID必须大于或等于1]","time":1660049337474001000}
blog_log2022/08/09 20:50:56 {"callers":["/Users/lgc/code/go/go_tour/blog_service/main.go; 25 main.init.0"],"level":"error","msg":"[article.List.BindValid err: TagID必须大于或等于1]","time":1660049456322301000}
blog_log2022/08/09 20:51:04 {"callers":["/Users/lgc/code/go/go_tour/blog_service/main.go; 25 main.init.0"],"level":"error","msg":"[article.List.BindValid err: TagID必须大于或等于1]","time":1660049464707049000}
blog_log2022/08/09 20:51:10 {"callers":["/Users/lgc/code/go/go_tour/blog_service/main.go; 25 main.init.0"],"level":"error","msg":"[article.List.BindValid err: TagID必须大于或等于1]","time":1660049470188631000}
blog_log2022/08/09 21:04:55 {"callers":["/Users/lgc/code/go/go_tour/blog_service/main.go; 25 main.init.0"],"level":"info","msg":"[bolg_service server starting...]","time":1660050295443196000}
blog_log2022/08/09 21:04:55 {"callers":["/Users/lgc/code/go/go_tour/blog_service/main.go; 25 main.init.0"],"level":"info","msg":"[bolg_service server start over, listened on port 5023...]","time":1660050295450107000}
blog_log2022/08/09 21:05:12 {"callers":["/Users/lgc/code/go/go_tour/blog_service/main.go; 25 main.init.0"],"level":"error","msg":"[article.List.BindValid err: TagID必须大于或等于1]","time":1660050312508282000}
blog_log2022/08/09 21:06:24 {"callers":["/Users/lgc/code/go/go_tour/blog_service/main.go; 25 main.init.0"],"level":"info","msg":"[bolg_service server starting...]","time":1660050384516944000}
blog_log2022/08/09 21:06:24 {"callers":["/Users/lgc/code/go/go_tour/blog_service/main.go; 25 main.init.0"],"level":"info","msg":"[bolg_service server start over, listened on port 5023...]","time":1660050384520313000}
blog_log2022/08/09 21:06:26 {"callers":["/Users/lgc/code/go/go_tour/blog_service/main.go; 25 main.init.0"],"level":"error","msg":"[article.List.BindValid err: TagID必须大于或等于1]","time":1660050386989919000}
blog_log2022/08/09 21:06:27 {"callers":["/Users/lgc/code/go/go_tour/blog_service/main.go; 25 main.init.0"],"level":"error","msg":"[article.List.BindValid err: TagID必须大于或等于1]","time":1660050387662364000}
blog_log2022/08/09 21:06:27 {"callers":["/Users/lgc/code/go/go_tour/blog_service/main.go; 25 main.init.0"],"level":"error","msg":"[article.List.BindValid err: TagID必须大于或等于1]","time":1660050387924822000}
blog_log2022/08/09 21:06:28 {"callers":["/Users/lgc/code/go/go_tour/blog_service/main.go; 25 main.init.0"],"level":"error","msg":"[article.List.BindValid err: TagID必须大于或等于1]","time":1660050388095585000}
blog_log2022/08/09 21:06:28 {"callers":["/Users/lgc/code/go/go_tour/blog_service/main.go; 25 main.init.0"],"level":"error","msg":"[article.List.BindValid err: TagID必须大于或等于1]","time":1660050388605049000}
blog_log2022/08/09 21:06:28 {"callers":["/Users/lgc/code/go/go_tour/blog_service/main.go; 25 main.init.0"],"level":"error","msg":"[article.List.BindValid err: TagID必须大于或等于1]","time":1660050388714738000}
blog_log2022/08/09 21:06:28 {"callers":["/Users/lgc/code/go/go_tour/blog_service/main.go; 25 main.init.0"],"level":"error","msg":"[article.List.BindValid err: TagID必须大于或等于1]","time":1660050388790286000}
blog_log2022/08/09 21:06:28 {"callers":["/Users/lgc/code/go/go_tour/blog_service/main.go; 25 main.init.0"],"level":"error","msg":"[article.List.BindValid err: TagID必须大于或等于1]","time":1660050388873618000}
blog_log2022/08/09 21:06:28 {"callers":["/Users/lgc/code/go/go_tour/blog_service/main.go; 25 main.init.0"],"level":"error","msg":"[article.List.BindValid err: TagID必须大于或等于1]","time":1660050388957761000}
blog_log2022/08/09 21:06:29 {"callers":["/Users/lgc/code/go/go_tour/blog_service/main.go; 25 main.init.0"],"level":"error","msg":"[article.List.BindValid err: TagID必须大于或等于1]","time":1660050389041721000}
blog_log2022/08/09 21:06:29 {"callers":["/Users/lgc/code/go/go_tour/blog_service/main.go; 25 main.init.0"],"level":"error","msg":"[article.List.BindValid err: TagID必须大于或等于1]","time":1660050389129634000}
blog_log2022/08/09 21:13:30 {"callers":["/Users/lgc/code/go/go_tour/blog_service/main.go; 25 main.init.0"],"level":"info","msg":"[bolg_service server starting...]","time":1660050810958559000}
blog_log2022/08/09 21:13:30 {"callers":["/Users/lgc/code/go/go_tour/blog_service/main.go; 25 main.init.0"],"level":"info","msg":"[bolg_service server start over, listened on port 5023...]","time":1660050810961416000}
blog_log2022/08/09 21:13:37 {"callers":["/Users/lgc/code/go/go_tour/blog_service/main.go; 25 main.init.0"],"level":"error","msg":"[article.List.BindValid err: TagID必须大于或等于1]","time":1660050817095977000}
blog_log2022/08/09 21:14:32 {"callers":["/Users/lgc/code/go/go_tour/blog_service/main.go; 25 main.init.0"],"level":"info","msg":"[bolg_service server starting...]","time":1660050872454732000}
blog_log2022/08/09 21:14:32 {"callers":["/Users/lgc/code/go/go_tour/blog_service/main.go; 25 main.init.0"],"level":"info","msg":"[bolg_service server start over, listened on port 5023...]","time":1660050872455898000}
blog_log2022/08/09 21:15:08 {"callers":["/Users/lgc/code/go/go_tour/blog_service/main.go; 25 main.init.0"],"level":"error","msg":"[article.List.BindValid err: TagID必须大于或等于1]","time":1660050908133860000}
blog_log2022/08/09 21:18:18 {"callers":["/Users/lgc/code/go/go_tour/blog_service/main.go; 25 main.init.0"],"level":"error","msg":"[article.Create.BindValid err: CreatedBy为必填字段]","time":1660051098016555000}
blog_log2022/08/09 21:19:24 {"callers":["/Users/lgc/code/go/go_tour/blog_service/main.go; 25 main.init.0"],"level":"info","msg":"[bolg_service server starting...]","time":1660051164430789000}
blog_log2022/08/09 21:19:24 {"callers":["/Users/lgc/code/go/go_tour/blog_service/main.go; 25 main.init.0"],"level":"info","msg":"[bolg_service server start over, listened on port 5023...]","time":1660051164521705000}
blog_log2022/08/09 21:28:20 {"callers":["/Users/lgc/code/go/go_tour/blog_service/main.go; 25 main.init.0"],"level":"error","msg":"[article.Update.BindValid err: TagID为必填字段,Title长度必须至少为2个字符,Desc长度必须至少为2个字符,Content长度必须至少为2个字符,CoverImageUrl必须是一个有效的URL,ModifiedBy为必填字段]","time":1660051700518797000}
blog_log2022/08/09 21:28:29 {"callers":["/Users/lgc/code/go/go_tour/blog_service/main.go; 25 main.init.0"],"level":"error","msg":"[article.Update.BindValid err: TagID为必填字段,Title长度必须至少为2个字符,Desc长度必须至少为2个字符,Content长度必须至少为2个字符,CoverImageUrl必须是一个有效的URL,ModifiedBy为必填字段]","time":1660051709907286000}
blog_log2022/08/09 21:29:01 {"callers":["/Users/lgc/code/go/go_tour/blog_service/main.go; 25 main.init.0"],"level":"error","msg":"[article.Update.BindValid err: Title长度必须至少为2个字符,Desc长度必须至少为2个字符,Content长度必须至少为2个字符,CoverImageUrl必须是一个有效的URL,ModifiedBy为必填字段]","time":1660051741681772000}
blog_log2022/08/09 21:30:14 {"callers":["/Users/lgc/code/go/go_tour/blog_service/main.go; 25 main.init.0"],"level":"error","msg":"[article.List.BindValid err: TagID必须大于或等于1]","time":1660051814588997000}
blog_log2022/08/09 21:31:08 {"callers":["/Users/lgc/code/go/go_tour/blog_service/main.go; 25 main.init.0"],"level":"info","msg":"[bolg_service server starting...]","time":1660051868812948000}
blog_log2022/08/09 21:31:08 {"callers":["/Users/lgc/code/go/go_tour/blog_service/main.go; 25 main.init.0"],"level":"info","msg":"[bolg_service server start over, listened on port 5023...]","time":1660051868816328000}
blog_log2022/08/09 21:35:32 {"callers":["/Users/lgc/code/go/go_tour/blog_service/main.go; 25 main.init.0"],"level":"error","msg":"[article.List.BindValid err: TagID必须大于或等于1]","time":1660052132272300000}
blog_log2022/08/09 21:41:32 {"callers":["/Users/lgc/code/go/go_tour/blog_service/main.go; 25 main.init.0"],"level":"error","msg":"getArticleList err: Error 1064: You have an error in your SQL syntax; check the manual that corresponds to your MySQL server version for the right syntax to use near '.url, ar.content, t,id AS tag_id, t.name AS tag_name FROM blog_article_tag AS at' at line 1","time":1660052492981571000}
blog_log2022/08/09 21:44:09 {"callers":["/Users/lgc/code/go/go_tour/blog_service/main.go; 25 main.init.0"],"level":"info","msg":"[bolg_service server starting...]","time":1660052649930530000}
blog_log2022/08/09 21:44:09 {"callers":["/Users/lgc/code/go/go_tour/blog_service/main.go; 25 main.init.0"],"level":"info","msg":"[bolg_service server start over, listened on port 5023...]","time":1660052649933199000}
blog_log2022/08/09 21:44:14 {"callers":["/Users/lgc/code/go/go_tour/blog_service/main.go; 25 main.init.0"],"level":"error","msg":"getArticleList err: Error 1054: Unknown column 'ar_title' in 'field list'","time":1660052654989518000}
blog_log2022/08/09 21:44:33 {"callers":["/Users/lgc/code/go/go_tour/blog_service/main.go; 25 main.init.0"],"level":"info","msg":"[bolg_service server starting...]","time":1660052673955428000}
blog_log2022/08/09 21:44:33 {"callers":["/Users/lgc/code/go/go_tour/blog_service/main.go; 25 main.init.0"],"level":"info","msg":"[bolg_service server start over, listened on port 5023...]","time":1660052673958199000}
blog_log2022/08/09 21:49:38 {"callers":["/Users/lgc/code/go/go_tour/blog_service/main.go; 25 main.init.0"],"level":"info","msg":"[bolg_service server starting...]","time":1660052978401846000}
blog_log2022/08/09 21:49:38 {"callers":["/Users/lgc/code/go/go_tour/blog_service/main.go; 25 main.init.0"],"level":"info","msg":"[bolg_service server start over, listened on port 5023...]","time":1660052978404136000}
blog_log2022/08/11 22:23:41 {"callers":["/Users/lgc/code/go/go_tour/blog_service/main.go; 25 main.init.0"],"level":"info","msg":"[bolg_service server starting...]","time":1660227821302203000}
blog_log2022/08/11 22:23:41 {"callers":["/Users/lgc/code/go/go_tour/blog_service/main.go; 25 main.init.0"],"level":"info","msg":"[bolg_service server start over, listened on port 5023...]","time":1660227821304060000}
blog_log2022/08/11 22:27:02 {"callers":["/Users/lgc/code/go/go_tour/blog_service/main.go; 25 main.init.0"],"level":"error","msg":"svc.uploadFile err: file suffix is not supported.","time":1660228022241882000}
blog_log2022/08/11 22:32:42 {"callers":["/Users/lgc/code/go/go_tour/blog_service/main.go; 25 main.init.0"],"level":"info","msg":"[bolg_service server starting...]","time":1660228362789371000}
blog_log2022/08/11 22:32:42 {"callers":["/Users/lgc/code/go/go_tour/blog_service/main.go; 25 main.init.0"],"level":"info","msg":"[bolg_service server start over, listened on port 5023...]","time":1660228362790396000}
blog_log2022/08/11 23:48:16 {"callers":["/Users/lgc/code/go/go_tour/blog_service/main.go; 25 main.init.0"],"level":"info","msg":"[bolg_service server starting...]","time":1660232896180074000}
blog_log2022/08/11 23:48:16 {"callers":["/Users/lgc/code/go/go_tour/blog_service/main.go; 25 main.init.0"],"level":"info","msg":"[bolg_service server start over, listened on port 5023...]","time":1660232896184151000}
blog_log2022/08/11 23:49:38 {"callers":["/Users/lgc/code/go/go_tour/blog_service/main.go; 25 main.init.0"],"level":"error","msg":"app.generateToken err: key is of invalid type","time":1660232978813409000}
blog_log2022/08/11 23:51:17 {"callers":["/Users/lgc/code/go/go_tour/blog_service/main.go; 25 main.init.0"],"level":"error","msg":"app.generateToken err: key is of invalid type","time":1660233077380707000}
blog_log2022/08/11 23:56:24 {"callers":["/Users/lgc/code/go/go_tour/blog_service/main.go; 25 main.init.0"],"level":"info","msg":"[bolg_service server starting...]","time":1660233384145042000}
blog_log2022/08/11 23:56:24 {"callers":["/Users/lgc/code/go/go_tour/blog_service/main.go; 25 main.init.0"],"level":"info","msg":"[bolg_service server start over, listened on port 5023...]","time":1660233384146148000}
blog_log2022/08/11 23:56:26 {"callers":["/Users/lgc/code/go/go_tour/blog_service/main.go; 25 main.init.0"],"level":"error","msg":"app.generateToken err: key is of invalid type","time":1660233386481639000}
blog_log2022/08/11 23:58:11 {"callers":["/Users/lgc/code/go/go_tour/blog_service/main.go; 25 main.init.0"],"level":"info","msg":"[bolg_service server starting...]","time":1660233491540285000}
blog_log2022/08/11 23:58:11 {"callers":["/Users/lgc/code/go/go_tour/blog_service/main.go; 25 main.init.0"],"level":"info","msg":"[bolg_service server start over, listened on port 5023...]","time":1660233491545364000}
blog_log2022/08/11 23:58:40 {"callers":["/Users/lgc/code/go/go_tour/blog_service/main.go; 25 main.init.0"],"level":"error","msg":"app.generateToken err: key is of invalid type","time":1660233520212003000}
blog_log2022/08/12 00:01:59 {"callers":["/Users/lgc/code/go/go_tour/blog_service/main.go; 25 main.init.0"],"level":"info","msg":"[bolg_service server starting...]","time":1660233719294350000}
blog_log2022/08/12 00:01:59 {"callers":["/Users/lgc/code/go/go_tour/blog_service/main.go; 25 main.init.0"],"level":"info","msg":"[bolg_service server start over, listened on port 5023...]","time":1660233719296004000}
blog_log2022/08/12 00:02:24 {"callers":["/Users/lgc/code/go/go_tour/blog_service/main.go; 25 main.init.0"],"level":"info","msg":"[bolg_service server starting...]","time":1660233744577465000}
blog_log2022/08/12 00:02:24 {"callers":["/Users/lgc/code/go/go_tour/blog_service/main.go; 25 main.init.0"],"level":"info","msg":"[bolg_service server start over, listened on port 5023...]","time":1660233744578843000}
blog_log2022/08/12 00:02:44 {"callers":["/Users/lgc/code/go/go_tour/blog_service/main.go; 25 main.init.0"],"level":"error","msg":"svc.checkAuth err: auth does not exist.","time":1660233764493138000}
blog_log2022/08/12 00:02:47 {"callers":["/Users/lgc/code/go/go_tour/blog_service/main.go; 25 main.init.0"],"level":"error","msg":"svc.checkAuth err: auth does not exist.","time":1660233767648732000}
blog_log2022/08/12 00:03:02 {"callers":["/Users/lgc/code/go/go_tour/blog_service/main.go; 25 main.init.0"],"level":"error","msg":"svc.checkAuth err: auth does not exist.","time":1660233782172589000}
blog_log2022/08/12 00:10:28 {"callers":["/Users/lgc/code/go/go_tour/blog_service/main.go; 25 main.init.0"],"level":"info","msg":"[bolg_service server starting...]","time":1660234228389858000}
blog_log2022/08/12 00:10:28 {"callers":["/Users/lgc/code/go/go_tour/blog_service/main.go; 25 main.init.0"],"level":"info","msg":"[bolg_service server start over, listened on port 5023...]","time":1660234228392223000}
blog_log2022/08/12 00:12:11 {"callers":["/Users/lgc/code/go/go_tour/blog_service/main.go; 25 main.init.0"],"level":"info","msg":"[bolg_service server starting...]","time":1660234331505569000}
blog_log2022/08/12 00:12:11 {"callers":["/Users/lgc/code/go/go_tour/blog_service/main.go; 25 main.init.0"],"level":"info","msg":"[bolg_service server start over, listened on port 5023...]","time":1660234331507038000}
blog_log2022/08/12 00:12:15 {"callers":["/Users/lgc/code/go/go_tour/blog_service/main.go; 25 main.init.0"],"level":"error","msg":"jwt check error:param illegal","time":1660234335360016000}
blog_log2022/08/12 00:12:42 {"callers":["/Users/lgc/code/go/go_tour/blog_service/main.go; 25 main.init.0"],"level":"error","msg":"svc.checkAuth err: auth does not exist.","time":1660234362360600000}
